<?xml version="1.0" encoding="UTF-8"?>
<testng-results ignored="0" total="1" passed="1" failed="0" skipped="0">
  <reporter-output>
  </reporter-output>
  <suite started-at="2021-06-05T20:58:45 IST" name="Default suite" finished-at="2021-06-05T20:59:02 IST" duration-ms="17010">
    <groups>
    </groups>
    <test started-at="2021-06-05T20:58:45 IST" name="Default test" finished-at="2021-06-05T20:59:02 IST" duration-ms="17010">
      <class name="SecondWebsiteAutomation.RegisterPage2">
        <test-method signature="automateRegisterPage()[pri:0, instance:SecondWebsiteAutomation.RegisterPage2@1613674b]" started-at="2021-06-05T20:58:45 IST" name="automateRegisterPage" finished-at="2021-06-05T20:59:02 IST" duration-ms="16964" status="PASS">
          <reporter-output>
          </reporter-output>
        </test-method> <!-- automateRegisterPage -->
      </class> <!-- SecondWebsiteAutomation.RegisterPage2 -->
    </test> <!-- Default test -->
  </suite> <!-- Default suite -->
</testng-results>
